[04-Mar-2024 04:08:39 UTC] PHP Deprecated:  Hook http_api_transports is deprecated since version 6.4.0 with no alternative available. in /wordpress/wp-includes/functions.php on line 140
[04-Mar-2024 04:08:46 UTC] PHP Deprecated:  Hook http_api_transports is deprecated since version 6.4.0 with no alternative available. in /wordpress/wp-includes/functions.php on line 140
[04-Mar-2024 04:09:12 UTC] PHP Deprecated:  Hook http_api_transports is deprecated since version 6.4.0 with no alternative available. in /wordpress/wp-includes/functions.php on line 140
[04-Mar-2024 04:09:29 UTC] PHP Deprecated:  Hook http_api_transports is deprecated since version 6.4.0 with no alternative available. in /wordpress/wp-includes/functions.php on line 140
[04-Mar-2024 04:09:56 UTC] PHP Deprecated:  Hook http_api_transports is deprecated since version 6.4.0 with no alternative available. in /wordpress/wp-includes/functions.php on line 140
[04-Mar-2024 04:10:39 UTC] PHP Deprecated:  Hook http_api_transports is deprecated since version 6.4.0 with no alternative available. in /wordpress/wp-includes/functions.php on line 140
[04-Mar-2024 04:10:53 UTC] PHP Deprecated:  Hook http_api_transports is deprecated since version 6.4.0 with no alternative available. in /wordpress/wp-includes/functions.php on line 140
[04-Mar-2024 04:10:55 UTC] PHP Deprecated:  Hook http_api_transports is deprecated since version 6.4.0 with no alternative available. in /wordpress/wp-includes/functions.php on line 140
[04-Mar-2024 04:10:57 UTC] PHP Notice: A feed could not be found at `https://wordpress.org/news/feed/`; the status code is `400` and content-type is `text/plain` in /wordpress/wp-includes/class-simplepie.php on line 2
[04-Mar-2024 04:10:57 UTC] PHP Notice: A feed could not be found at `https://planet.wordpress.org/feed/`; the status code is `400` and content-type is `text/plain` in /wordpress/wp-includes/class-simplepie.php on line 2
[04-Mar-2024 04:10:58 UTC] PHP Deprecated:  Hook http_api_transports is deprecated since version 6.4.0 with no alternative available. in /wordpress/wp-includes/functions.php on line 140
[04-Mar-2024 04:11:00 UTC] PHP Deprecated:  Hook http_api_transports is deprecated since version 6.4.0 with no alternative available. in /wordpress/wp-includes/functions.php on line 140
[04-Mar-2024 04:11:14 UTC] PHP Deprecated:  Hook http_api_transports is deprecated since version 6.4.0 with no alternative available. in /wordpress/wp-includes/functions.php on line 140
[04-Mar-2024 04:11:18 UTC] PHP Deprecated:  Hook http_api_transports is deprecated since version 6.4.0 with no alternative available. in /wordpress/wp-includes/functions.php on line 140
[04-Mar-2024 04:16:44 UTC] PHP Warning:  file_get_contents(/wordpress/wp-includes/css/classic-themes.min.css): Failed to open stream: No such file or directory in /wordpress/wp-includes/script-loader.php on line 14
[04-Mar-2024 04:16:47 UTC] PHP Deprecated:  Hook http_api_transports is deprecated since version 6.4.0 with no alternative available. in /wordpress/wp-includes/functions.php on line 140
[04-Mar-2024 04:17:12 UTC] PHP Warning:  file_get_contents(/wordpress/wp-includes/css/classic-themes.min.css): Failed to open stream: No such file or directory in /wordpress/wp-includes/script-loader.php on line 14
[04-Mar-2024 04:18:01 UTC] PHP Warning:  file_get_contents(/wordpress/wp-includes/css/classic-themes.min.css): Failed to open stream: No such file or directory in /wordpress/wp-includes/script-loader.php on line 14
[04-Mar-2024 04:18:09 UTC] PHP Warning:  file_get_contents(/wordpress/wp-includes/css/classic-themes.min.css): Failed to open stream: No such file or directory in /wordpress/wp-includes/script-loader.php on line 14
[04-Mar-2024 04:21:18 UTC] PHP Warning:  file_get_contents(/wordpress/wp-includes/css/classic-themes.min.css): Failed to open stream: No such file or directory in /wordpress/wp-includes/script-loader.php on line 14
[04-Mar-2024 04:21:36 UTC] PHP Warning:  file_get_contents(/wordpress/wp-includes/css/classic-themes.min.css): Failed to open stream: No such file or directory in /wordpress/wp-includes/script-loader.php on line 14
[04-Mar-2024 04:22:14 UTC] PHP Warning:  file_get_contents(/wordpress/wp-includes/css/classic-themes.min.css): Failed to open stream: No such file or directory in /wordpress/wp-includes/script-loader.php on line 14
[04-Mar-2024 04:22:28 UTC] PHP Warning:  file_get_contents(/wordpress/wp-includes/css/classic-themes.min.css): Failed to open stream: No such file or directory in /wordpress/wp-includes/script-loader.php on line 14
[04-Mar-2024 04:22:43 UTC] PHP Deprecated:  Hook http_api_transports is deprecated since version 6.4.0 with no alternative available. in /wordpress/wp-includes/functions.php on line 140
[04-Mar-2024 04:25:24 UTC] PHP Warning:  file_get_contents(/wordpress/wp-includes/css/classic-themes.min.css): Failed to open stream: No such file or directory in /wordpress/wp-includes/script-loader.php on line 14
[04-Mar-2024 04:25:55 UTC] PHP Warning:  file_get_contents(/wordpress/wp-includes/css/classic-themes.min.css): Failed to open stream: No such file or directory in /wordpress/wp-includes/script-loader.php on line 14
[04-Mar-2024 04:26:24 UTC] PHP Warning:  file_get_contents(/wordpress/wp-includes/css/classic-themes.min.css): Failed to open stream: No such file or directory in /wordpress/wp-includes/script-loader.php on line 14
[04-Mar-2024 04:26:34 UTC] PHP Warning:  file_get_contents(/wordpress/wp-includes/css/classic-themes.min.css): Failed to open stream: No such file or directory in /wordpress/wp-includes/script-loader.php on line 14
[04-Mar-2024 04:26:58 UTC] PHP Warning:  file_get_contents(/wordpress/wp-includes/css/classic-themes.min.css): Failed to open stream: No such file or directory in /wordpress/wp-includes/script-loader.php on line 14
[04-Mar-2024 04:28:39 UTC] PHP Warning:  file_get_contents(/wordpress/wp-includes/css/classic-themes.min.css): Failed to open stream: No such file or directory in /wordpress/wp-includes/script-loader.php on line 14
[04-Mar-2024 04:28:52 UTC] PHP Warning:  file_get_contents(/wordpress/wp-includes/css/classic-themes.min.css): Failed to open stream: No such file or directory in /wordpress/wp-includes/script-loader.php on line 14
[04-Mar-2024 04:29:57 UTC] PHP Warning:  file_get_contents(/wordpress/wp-includes/css/classic-themes.min.css): Failed to open stream: No such file or directory in /wordpress/wp-includes/script-loader.php on line 14
[04-Mar-2024 04:30:21 UTC] PHP Warning:  file_get_contents(/wordpress/wp-includes/css/classic-themes.min.css): Failed to open stream: No such file or directory in /wordpress/wp-includes/script-loader.php on line 14
[04-Mar-2024 04:34:39 UTC] PHP Deprecated:  Hook http_api_transports is deprecated since version 6.4.0 with no alternative available. in /wordpress/wp-includes/functions.php on line 140
[04-Mar-2024 04:35:10 UTC] PHP Deprecated:  Hook http_api_transports is deprecated since version 6.4.0 with no alternative available. in /wordpress/wp-includes/functions.php on line 140
[04-Mar-2024 04:36:03 UTC] PHP Warning:  file_get_contents(/wordpress/wp-includes/css/classic-themes.min.css): Failed to open stream: No such file or directory in /wordpress/wp-includes/script-loader.php on line 14
[04-Mar-2024 04:38:03 UTC] PHP Warning:  file_get_contents(/wordpress/wp-includes/css/classic-themes.min.css): Failed to open stream: No such file or directory in /wordpress/wp-includes/script-loader.php on line 14
[04-Mar-2024 04:38:31 UTC] PHP Warning:  file_get_contents(/wordpress/wp-includes/css/classic-themes.min.css): Failed to open stream: No such file or directory in /wordpress/wp-includes/script-loader.php on line 14
[04-Mar-2024 04:38:39 UTC] PHP Deprecated:  Hook http_api_transports is deprecated since version 6.4.0 with no alternative available. in /wordpress/wp-includes/functions.php on line 140
[04-Mar-2024 04:39:00 UTC] PHP Warning:  file_get_contents(/wordpress/wp-includes/css/classic-themes.min.css): Failed to open stream: No such file or directory in /wordpress/wp-includes/script-loader.php on line 14
[04-Mar-2024 04:39:21 UTC] PHP Warning:  file_get_contents(/wordpress/wp-includes/css/classic-themes.min.css): Failed to open stream: No such file or directory in /wordpress/wp-includes/script-loader.php on line 14
[04-Mar-2024 04:39:37 UTC] PHP Warning:  file_get_contents(/wordpress/wp-includes/css/classic-themes.min.css): Failed to open stream: No such file or directory in /wordpress/wp-includes/script-loader.php on line 14
[04-Mar-2024 04:41:41 UTC] PHP Fatal error:  Out of memory (allocated 27262976) (tried to allocate 2097152 bytes) in /wordpress/wp-admin/includes/deprecated.php on line 2
[04-Mar-2024 04:41:47 UTC] PHP Fatal error:  Out of memory (allocated 25165824) (tried to allocate 32768 bytes) in /wordpress/wp-admin/includes/post.php on line 7
[04-Mar-2024 04:41:49 UTC] PHP Fatal error:  Out of memory (allocated 25165824) (tried to allocate 12288 bytes) in /wordpress/wp-admin/includes/plugin.php on line 2
[04-Mar-2024 04:41:50 UTC] PHP Fatal error:  Out of memory (allocated 25165824) (tried to allocate 8192 bytes) in /wordpress/wp-admin/includes/plugin.php on line 2
[04-Mar-2024 04:41:58 UTC] PHP Fatal error:  Out of memory (allocated 25165824) (tried to allocate 32768 bytes) in /wordpress/wp-admin/includes/post.php on line 119
[04-Mar-2024 04:41:58 UTC] PHP Fatal error:  Out of memory (allocated 25165824) (tried to allocate 32768 bytes) in /wordpress/wp-admin/includes/post.php on line 7
[04-Mar-2024 04:42:16 UTC] PHP Fatal error:  Out of memory (allocated 25165824) (tried to allocate 32768 bytes) in /wordpress/wp-admin/includes/post.php on line 7
[04-Mar-2024 04:42:24 UTC] PHP Fatal error:  Out of memory (allocated 25165824) (tried to allocate 8192 bytes) in /wordpress/wp-admin/includes/post.php on line 7
[04-Mar-2024 04:42:26 UTC] PHP Fatal error:  Out of memory (allocated 25165824) (tried to allocate 32768 bytes) in /wordpress/wp-admin/includes/post.php on line 119
[04-Mar-2024 04:42:28 UTC] PHP Fatal error:  Out of memory (allocated 25165824) (tried to allocate 8192 bytes) in /wordpress/wp-admin/includes/post.php on line 7
[04-Mar-2024 04:42:36 UTC] PHP Fatal error:  Out of memory (allocated 25165824) (tried to allocate 32768 bytes) in /wordpress/wp-admin/includes/post.php on line 7
[04-Mar-2024 04:42:39 UTC] PHP Fatal error:  Out of memory (allocated 25165824) (tried to allocate 32768 bytes) in /wordpress/wp-admin/includes/post.php on line 7
[04-Mar-2024 04:42:42 UTC] PHP Fatal error:  Out of memory (allocated 25165824) (tried to allocate 32768 bytes) in /wordpress/wp-admin/includes/post.php on line 119
[04-Mar-2024 04:42:44 UTC] PHP Fatal error:  Out of memory (allocated 25165824) (tried to allocate 8192 bytes) in /wordpress/wp-admin/includes/post.php on line 7
[04-Mar-2024 04:42:59 UTC] PHP Fatal error:  Out of memory (allocated 25165824) (tried to allocate 32768 bytes) in /wordpress/wp-admin/includes/post.php on line 119
[04-Mar-2024 04:43:05 UTC] PHP Fatal error:  Out of memory (allocated 25165824) (tried to allocate 32768 bytes) in /wordpress/wp-admin/includes/post.php on line 7
[04-Mar-2024 04:43:25 UTC] PHP Fatal error:  Out of memory (allocated 25165824) (tried to allocate 32768 bytes) in /wordpress/wp-admin/includes/post.php on line 50
[04-Mar-2024 04:43:26 UTC] PHP Fatal error:  Out of memory (allocated 25165824) (tried to allocate 32768 bytes) in /wordpress/wp-admin/includes/post.php on line 119
[04-Mar-2024 04:43:27 UTC] PHP Fatal error:  Out of memory (allocated 25165824) (tried to allocate 8192 bytes) in /wordpress/wp-admin/includes/post.php on line 7
[04-Mar-2024 04:43:41 UTC] PHP Fatal error:  Out of memory (allocated 25165824) (tried to allocate 20480 bytes) in /wordpress/wp-admin/includes/plugin.php on line 2
[04-Mar-2024 04:43:42 UTC] PHP Fatal error:  Out of memory (allocated 25165824) (tried to allocate 32768 bytes) in /wordpress/wp-admin/includes/post.php on line 119
[16-Mar-2024 03:37:26 UTC] PHP Deprecated:  Hook http_api_transports is deprecated since version 6.4.0 with no alternative available. in /wordpress/wp-includes/functions.php on line 140
[16-Mar-2024 03:37:30 UTC] PHP Deprecated:  Hook http_api_transports is deprecated since version 6.4.0 with no alternative available. in /wordpress/wp-includes/functions.php on line 140
[16-Mar-2024 03:37:30 UTC] PHP Notice: A feed could not be found at `https://wordpress.org/news/feed/`; the status code is `400` and content-type is `text/plain` in /wordpress/wp-includes/class-simplepie.php on line 2
[16-Mar-2024 03:37:30 UTC] PHP Notice: A feed could not be found at `https://planet.wordpress.org/feed/`; the status code is `400` and content-type is `text/plain` in /wordpress/wp-includes/class-simplepie.php on line 2
[16-Mar-2024 03:37:33 UTC] PHP Deprecated:  Hook http_api_transports is deprecated since version 6.4.0 with no alternative available. in /wordpress/wp-includes/functions.php on line 140
[16-Mar-2024 03:37:42 UTC] PHP Deprecated:  Hook http_api_transports is deprecated since version 6.4.0 with no alternative available. in /wordpress/wp-includes/functions.php on line 140
[16-Mar-2024 03:38:10 UTC] PHP Deprecated:  Hook http_api_transports is deprecated since version 6.4.0 with no alternative available. in /wordpress/wp-includes/functions.php on line 140
[16-Mar-2024 03:38:12 UTC] PHP Deprecated:  Hook http_api_transports is deprecated since version 6.4.0 with no alternative available. in /wordpress/wp-includes/functions.php on line 140
[16-Mar-2024 03:40:40 UTC] PHP Deprecated:  Hook http_api_transports is deprecated since version 6.4.0 with no alternative available. in /wordpress/wp-includes/functions.php on line 140
[16-Mar-2024 03:43:25 UTC] PHP Warning:  file_get_contents(/wordpress/wp-includes/css/classic-themes.min.css): Failed to open stream: No such file or directory in /wordpress/wp-includes/script-loader.php on line 14
[16-Mar-2024 03:43:29 UTC] PHP Deprecated:  Hook http_api_transports is deprecated since version 6.4.0 with no alternative available. in /wordpress/wp-includes/functions.php on line 140
[16-Mar-2024 03:49:38 UTC] PHP Warning:  file_get_contents(/wordpress/wp-includes/css/classic-themes.min.css): Failed to open stream: No such file or directory in /wordpress/wp-includes/script-loader.php on line 14
[16-Mar-2024 03:50:50 UTC] PHP Warning:  file_get_contents(/wordpress/wp-includes/css/classic-themes.min.css): Failed to open stream: No such file or directory in /wordpress/wp-includes/script-loader.php on line 14
[16-Mar-2024 03:50:51 UTC] PHP Warning:  file_get_contents(/wordpress/wp-includes/css/classic-themes.min.css): Failed to open stream: No such file or directory in /wordpress/wp-includes/script-loader.php on line 14
[16-Mar-2024 03:52:15 UTC] PHP Warning:  get_headers(): https:// wrapper is disabled in the server configuration by allow_url_fopen=0 in /wordpress/wp-content/plugins/ecommerce-product-catalog/modules/cart/includes/cart/ic_cached_cart.php on line 47
[16-Mar-2024 03:52:15 UTC] PHP Warning:  get_headers(): This function may only be used against URLs in /wordpress/wp-content/plugins/ecommerce-product-catalog/modules/cart/includes/cart/ic_cached_cart.php on line 47
[16-Mar-2024 03:52:54 UTC] PHP Warning:  file_get_contents(/wordpress/wp-includes/css/classic-themes.min.css): Failed to open stream: No such file or directory in /wordpress/wp-includes/script-loader.php on line 14
[16-Mar-2024 03:58:00 UTC] PHP Warning:  file_get_contents(/wordpress/wp-includes/css/classic-themes.min.css): Failed to open stream: No such file or directory in /wordpress/wp-includes/script-loader.php on line 14
[16-Mar-2024 04:00:43 UTC] PHP Deprecated:  Hook http_api_transports is deprecated since version 6.4.0 with no alternative available. in /wordpress/wp-includes/functions.php on line 140
[16-Mar-2024 04:00:46 UTC] PHP Warning:  file_get_contents(/wordpress/wp-includes/css/classic-themes.min.css): Failed to open stream: No such file or directory in /wordpress/wp-includes/script-loader.php on line 14
[16-Mar-2024 04:02:30 UTC] PHP Warning:  file_get_contents(/wordpress/wp-includes/css/classic-themes.min.css): Failed to open stream: No such file or directory in /wordpress/wp-includes/script-loader.php on line 14
[16-Mar-2024 04:04:15 UTC] PHP Deprecated:  Hook http_api_transports is deprecated since version 6.4.0 with no alternative available. in /wordpress/wp-includes/functions.php on line 140
[16-Mar-2024 04:04:24 UTC] PHP Deprecated:  Hook http_api_transports is deprecated since version 6.4.0 with no alternative available. in /wordpress/wp-includes/functions.php on line 140
[16-Mar-2024 04:04:40 UTC] PHP Warning:  file_get_contents(/wordpress/wp-includes/css/classic-themes.min.css): Failed to open stream: No such file or directory in /wordpress/wp-includes/script-loader.php on line 14
[16-Mar-2024 04:04:41 UTC] PHP Warning:  file_get_contents(/wordpress/wp-includes/css/classic-themes.min.css): Failed to open stream: No such file or directory in /wordpress/wp-includes/script-loader.php on line 14
[16-Mar-2024 04:04:43 UTC] PHP Warning:  file_get_contents(/wordpress/wp-includes/css/classic-themes.min.css): Failed to open stream: No such file or directory in /wordpress/wp-includes/script-loader.php on line 14
[16-Mar-2024 04:04:45 UTC] PHP Warning:  file_get_contents(/wordpress/wp-includes/css/classic-themes.min.css): Failed to open stream: No such file or directory in /wordpress/wp-includes/script-loader.php on line 14
[16-Mar-2024 04:04:46 UTC] PHP Warning:  file_get_contents(/wordpress/wp-includes/css/classic-themes.min.css): Failed to open stream: No such file or directory in /wordpress/wp-includes/script-loader.php on line 14
[16-Mar-2024 04:04:48 UTC] PHP Warning:  file_get_contents(/wordpress/wp-includes/css/classic-themes.min.css): Failed to open stream: No such file or directory in /wordpress/wp-includes/script-loader.php on line 14
[16-Mar-2024 04:04:57 UTC] PHP Warning:  file_get_contents(/wordpress/wp-includes/css/classic-themes.min.css): Failed to open stream: No such file or directory in /wordpress/wp-includes/script-loader.php on line 14
[16-Mar-2024 04:07:29 UTC] PHP Warning:  file_get_contents(/wordpress/wp-includes/css/classic-themes.min.css): Failed to open stream: No such file or directory in /wordpress/wp-includes/script-loader.php on line 14
[23-Mar-2024 04:03:45 UTC] PHP Deprecated:  Hook http_api_transports is deprecated since version 6.4.0 with no alternative available. in /wordpress/wp-includes/functions.php on line 140
[23-Mar-2024 04:03:45 UTC] PHP Warning:  get_headers(): https:// wrapper is disabled in the server configuration by allow_url_fopen=0 in /wordpress/wp-content/plugins/ecommerce-product-catalog/modules/cart/includes/cart/ic_cached_cart.php on line 47
[23-Mar-2024 04:03:45 UTC] PHP Warning:  get_headers(): This function may only be used against URLs in /wordpress/wp-content/plugins/ecommerce-product-catalog/modules/cart/includes/cart/ic_cached_cart.php on line 47
[23-Mar-2024 04:03:46 UTC] PHP Deprecated:  Hook http_api_transports is deprecated since version 6.4.0 with no alternative available. in /wordpress/wp-includes/functions.php on line 140
